<?xml version="1.0" encoding="UTF-8"?>
<!-- Generated by org.testng.reporters.JUnitReportReporter -->
<testsuite hostname="DESKTOP-RTPCRIL" failures="0" tests="4" name="api.test.UserTests" time="10.052" errors="0" timestamp="2024-02-04T09:27:34 IST" skipped="0">
  <testcase classname="api.test.UserTests" name="testPostUser" time="5.055"/>
  <testcase classname="api.test.UserTests" name="testGetUserByName" time="1.311"/>
  <testcase classname="api.test.UserTests" name="testUpdateUserByName" time="2.549"/>
  <testcase classname="api.test.UserTests" name="testDeletUserByName" time="1.137"/>
</testsuite> <!-- api.test.UserTests -->
