<?xml version="1.0" encoding="UTF-8"?>
<!-- Generated by org.testng.reporters.JUnitReportReporter -->
<testsuite hostname="DESKTOP-RTPCRIL" failures="0" tests="6" name="api.test.DataDrivenTests" time="11.595" errors="0" timestamp="2024-02-04T07:59:44 IST" skipped="0">
  <testcase classname="api.test.DataDrivenTests" name="testPostUser" time="5.537"/>
  <testcase classname="api.test.DataDrivenTests" name="testPostUser" time="1.260"/>
  <testcase classname="api.test.DataDrivenTests" name="testPostUser" time="1.383"/>
  <testcase classname="api.test.DataDrivenTests" name="testdeleteUserByName" time="1.117"/>
  <testcase classname="api.test.DataDrivenTests" name="testdeleteUserByName" time="1.199"/>
  <testcase classname="api.test.DataDrivenTests" name="testdeleteUserByName" time="1.099"/>
</testsuite> <!-- api.test.DataDrivenTests -->
