<?xml version="1.0" encoding="UTF-8"?>
<!-- Generated by org.testng.reporters.JUnitReportReporter -->
<testsuite hostname="DESKTOP-RTPCRIL" failures="0" tests="4" name="api.test.UserTests2" time="14.134" errors="0" timestamp="2024-02-05T18:33:38 IST" skipped="0">
  <testcase classname="api.test.UserTests2" name="testPostUser" time="6.485"/>
  <testcase classname="api.test.UserTests2" name="testGetUserByName" time="1.738"/>
  <testcase classname="api.test.UserTests2" name="testUpdateUserByName" time="4.229"/>
  <testcase classname="api.test.UserTests2" name="testDeletUserByName" time="1.682"/>
</testsuite> <!-- api.test.UserTests2 -->
